0 info it worked if it ends with ok
1 verbose cli [ 'node', '/usr/local/bin/npm', 'uninstall', 'npm', '-g' ]
2 info using npm@1.3.2
3 info using node@v0.10.13
4 info /usr/local/lib/node_modules/npm unbuild
5 info preuninstall npm@1.3.2
6 info uninstall npm@1.3.2
7 verbose true,/usr/local/lib/node_modules,/usr/local/lib/node_modules unbuild npm@1.3.2
8 verbose /usr/local/bin,[object Object] binRoot
9 info postuninstall npm@1.3.2
10 error Error: EACCES, unlink '/usr/local/lib/node_modules/npm/html/api/bin.html'
10 error  { [Error: EACCES, unlink '/usr/local/lib/node_modules/npm/html/api/bin.html']
10 error   errno: 3,
10 error   code: 'EACCES',
10 error   path: '/usr/local/lib/node_modules/npm/html/api/bin.html' }
11 error Please try running this command again as root/Administrator.
12 error System Darwin 12.5.0
13 error command "node" "/usr/local/bin/npm" "uninstall" "npm" "-g"
14 error cwd /Users/rommel.zamora/Documents/Programming/mell-projects/cms-sandbox-2.3
15 error node -v v0.10.13
16 error npm -v 1.3.2
17 error path /usr/local/lib/node_modules/npm/html/api/bin.html
18 error code EACCES
19 error errno 3
20 error stack Error: EACCES, unlink '/usr/local/lib/node_modules/npm/html/api/bin.html'
21 verbose exit [ 3, true ]
